build/app/intermediates/manifest_merge_blame_file/productionRelease/manifest-merger-blame-production-release-report.txt
1<?xml version="1.0" encoding="utf-8"?>
2<manifest xmlns:android="http://schemas.android.com/apk/res/android"
3    package="com.soedja.soedja_freelance"
4    android:versionCode="3"
5    android:versionName="1.0.3" >
6
7    <uses-sdk
8        android:minSdkVersion="21"
8-->src/main/AndroidManifest.xml
9        android:targetSdkVersion="30" />
9-->src/main/AndroidManifest.xml
10
11    <uses-permission android:name="android.permission.INTERNET" />
11-->src/main/AndroidManifest.xml:5:5-66
11-->src/main/AndroidManifest.xml:5:22-64
12    <uses-permission android:name="android.permission.WRITE_EXTERNAL_STORAGE" />
12-->src/main/AndroidManifest.xml:6:5-81
12-->src/main/AndroidManifest.xml:6:22-78
13    <uses-permission android:name="android.permission.READ_EXTERNAL_STORAGE" />
13-->src/main/AndroidManifest.xml:7:5-80
13-->src/main/AndroidManifest.xml:7:22-77
14    <uses-permission android:name="android.permission.CAMERA" />
14-->src/main/AndroidManifest.xml:8:5-65
14-->src/main/AndroidManifest.xml:8:22-62
15    <uses-permission android:name="android.permission.VIBRATE" />
15-->src/main/AndroidManifest.xml:9:5-66
15-->src/main/AndroidManifest.xml:9:22-63
16    <uses-permission android:name="android.permission.RECEIVE_BOOT_COMPLETED" />
16-->src/main/AndroidManifest.xml:10:5-80
16-->src/main/AndroidManifest.xml:10:22-78
17    <uses-permission android:name="android.permission.ACCESS_COARSE_LOCATION" />
17-->[:location] AndroidManifest.xml:7:5-81
17-->[:location] AndroidManifest.xml:7:22-78
18    <uses-permission android:name="android.permission.ACCESS_FINE_LOCATION" />
18-->[:location] AndroidManifest.xml:8:5-79
18-->[:location] AndroidManifest.xml:8:22-76
19    <uses-permission android:name="android.permission.ACCESS_NETWORK_STATE" />
19-->[com.google.firebase:firebase-iid:20.2.1] AndroidManifest.xml:22:5-79
19-->[com.google.firebase:firebase-iid:20.2.1] AndroidManifest.xml:22:22-76
20    <uses-permission android:name="android.permission.WAKE_LOCK" /> <!-- Required by older versions of Google Play services to create IID tokens -->
20-->[com.google.firebase:firebase-iid:20.2.1] AndroidManifest.xml:24:5-68
20-->[com.google.firebase:firebase-iid:20.2.1] AndroidManifest.xml:24:22-65
21    <uses-permission android:name="com.google.android.c2dm.permission.RECEIVE" /> <!-- Don't require camera, as this requires a rear camera. This allows it to work on the Nexus 7 -->
21-->[com.google.firebase:firebase-iid:20.2.1] AndroidManifest.xml:26:5-82
21-->[com.google.firebase:firebase-iid:20.2.1] AndroidManifest.xml:26:22-79
22    <uses-feature
22-->[com.journeyapps:zxing-android-embedded:3.5.0] AndroidManifest.xml:24:5-26:36
23        android:name="android.hardware.camera"
23-->[com.journeyapps:zxing-android-embedded:3.5.0] AndroidManifest.xml:25:9-47
24        android:required="false" />
24-->[com.journeyapps:zxing-android-embedded:3.5.0] AndroidManifest.xml:26:9-33
25    <uses-feature
25-->[com.journeyapps:zxing-android-embedded:3.5.0] AndroidManifest.xml:27:5-29:36
26        android:name="android.hardware.camera.front"
26-->[com.journeyapps:zxing-android-embedded:3.5.0] AndroidManifest.xml:28:9-53
27        android:required="false" /> <!-- TODO replace above two with next line after Android 4.2 -->
27-->[com.journeyapps:zxing-android-embedded:3.5.0] AndroidManifest.xml:29:9-33
28    <!-- <uses-feature android:name="android.hardware.camera.any"/> -->
29    <uses-feature
29-->[com.journeyapps:zxing-android-embedded:3.5.0] AndroidManifest.xml:32:5-34:36
30        android:name="android.hardware.camera.autofocus"
30-->[com.journeyapps:zxing-android-embedded:3.5.0] AndroidManifest.xml:33:9-57
31        android:required="false" />
31-->[com.journeyapps:zxing-android-embedded:3.5.0] AndroidManifest.xml:34:9-33
32    <uses-feature
32-->[com.journeyapps:zxing-android-embedded:3.5.0] AndroidManifest.xml:35:5-37:36
33        android:name="android.hardware.camera.flash"
33-->[com.journeyapps:zxing-android-embedded:3.5.0] AndroidManifest.xml:36:9-53
34        android:required="false" />
34-->[com.journeyapps:zxing-android-embedded:3.5.0] AndroidManifest.xml:37:9-33
35    <uses-feature
35-->[com.journeyapps:zxing-android-embedded:3.5.0] AndroidManifest.xml:38:5-40:36
36        android:name="android.hardware.screen.landscape"
36-->[com.journeyapps:zxing-android-embedded:3.5.0] AndroidManifest.xml:39:9-57
37        android:required="false" />
37-->[com.journeyapps:zxing-android-embedded:3.5.0] AndroidManifest.xml:40:9-33
38    <uses-feature
38-->[com.journeyapps:zxing-android-embedded:3.5.0] AndroidManifest.xml:41:5-43:36
39        android:name="android.hardware.wifi"
39-->[com.journeyapps:zxing-android-embedded:3.5.0] AndroidManifest.xml:42:9-45
40        android:required="false" />
40-->[com.journeyapps:zxing-android-embedded:3.5.0] AndroidManifest.xml:43:9-33
41    <!--
42 io.flutter.app.FlutterApplication is an android.app.Application that
43         calls FlutterMain.startInitialization(this); in its onCreate method.
44         In most cases you can leave this as-is, but you if you want to provide
45         additional functionality it is fine to subclass or reimplement
46         FlutterApplication and put your custom class here.
47    -->
48    <application
48-->src/main/AndroidManifest.xml:17:5-68:19
49        android:name="com.soedja.soedja_freelance.Application"
49-->src/main/AndroidManifest.xml:18:9-36
50        android:allowBackup="false"
50-->[com.midtrans:uikit:1.21.2] AndroidManifest.xml:14:9-36
51        android:appComponentFactory="androidx.core.app.CoreComponentFactory"
51-->[androidx.core:core:1.2.0] AndroidManifest.xml:24:18-86
52        android:icon="@mipmap/ic_launcher"
52-->src/main/AndroidManifest.xml:21:9-43
53        android:label="@string/app_name"
53-->src/main/AndroidManifest.xml:19:9-41
54        android:supportsRtl="true"
54-->[com.midtrans:corekit:1.21.2] AndroidManifest.xml:16:9-35
55        android:theme="@style/AppTheme" >
55-->src/main/AndroidManifest.xml:20:9-40
56        <activity
56-->src/main/AndroidManifest.xml:22:9-54:20
57            android:name="com.soedja.soedja_freelance.MainActivity"
57-->src/main/AndroidManifest.xml:23:13-41
58            android:configChanges="orientation|keyboardHidden|keyboard|screenSize|smallestScreenSize|locale|layoutDirection|fontScale|screenLayout|density|uiMode"
58-->src/main/AndroidManifest.xml:26:13-163
59            android:hardwareAccelerated="true"
59-->src/main/AndroidManifest.xml:27:13-47
60            android:launchMode="singleTop"
60-->src/main/AndroidManifest.xml:24:13-43
61            android:theme="@style/LaunchTheme"
61-->src/main/AndroidManifest.xml:25:13-47
62            android:windowSoftInputMode="adjustResize" >
62-->src/main/AndroidManifest.xml:28:13-55
63
64            <!--
65                 Specifies an Android theme to apply to this Activity as soon as
66                 the Android process has started. This theme is visible to the user
67                 while the Flutter UI initializes. After that, this theme continues
68                 to determine the Window background behind the Flutter UI.
69            -->
70            <meta-data
70-->src/main/AndroidManifest.xml:33:13-36:17
71                android:name="io.flutter.embedding.android.NormalTheme"
71-->src/main/AndroidManifest.xml:34:15-70
72                android:resource="@style/NormalTheme" />
72-->src/main/AndroidManifest.xml:35:15-52
73            <!--
74                 Displays an Android View that continues showing the launch screen
75                 Drawable until Flutter paints its first frame, then this splash
76                 screen fades out. A splash screen is useful to avoid any visual
77                 gap between the end of Android's launch screen and the painting of
78                 Flutter's first frame.
79            -->
80            <meta-data
80-->src/main/AndroidManifest.xml:42:13-45:17
81                android:name="io.flutter.embedding.android.SplashScreenDrawable"
81-->src/main/AndroidManifest.xml:43:15-79
82                android:resource="@drawable/launch_background" />
82-->src/main/AndroidManifest.xml:44:15-61
83
84            <intent-filter>
84-->src/main/AndroidManifest.xml:46:13-49:29
85                <action android:name="android.intent.action.MAIN" />
85-->src/main/AndroidManifest.xml:47:17-68
85-->src/main/AndroidManifest.xml:47:25-66
86
87                <category android:name="android.intent.category.LAUNCHER" />
87-->src/main/AndroidManifest.xml:48:17-76
87-->src/main/AndroidManifest.xml:48:27-74
88            </intent-filter>
89            <intent-filter>
89-->src/main/AndroidManifest.xml:50:13-53:29
90                <action android:name="FLUTTER_NOTIFICATION_CLICK" />
90-->src/main/AndroidManifest.xml:51:17-69
90-->src/main/AndroidManifest.xml:51:25-66
91
92                <category android:name="android.intent.category.DEFAULT" />
92-->src/main/AndroidManifest.xml:52:17-76
92-->src/main/AndroidManifest.xml:52:27-73
93            </intent-filter>
94        </activity>
95        <activity
95-->src/main/AndroidManifest.xml:55:9-58:71
96            android:name="com.yalantis.ucrop.UCropActivity"
96-->src/main/AndroidManifest.xml:56:13-60
97            android:screenOrientation="portrait"
97-->src/main/AndroidManifest.xml:57:13-49
98            android:theme="@style/Theme.AppCompat.Light.NoActionBar" />
98-->src/main/AndroidManifest.xml:58:13-69
99        <!--
100             Don't delete the meta-data below.
101             This is used by the Flutter tool to generate GeneratedPluginRegistrant.java
102        -->
103        <meta-data
103-->src/main/AndroidManifest.xml:61:9-63:33
104            android:name="flutterEmbedding"
104-->src/main/AndroidManifest.xml:62:13-44
105            android:value="2" />
105-->src/main/AndroidManifest.xml:63:13-30
106        <meta-data
106-->src/main/AndroidManifest.xml:65:9-67:39
107            android:name="com.google.firebase.messaging.default_notification_channel_id"
107-->src/main/AndroidManifest.xml:66:13-89
108            android:value="Default" />
108-->src/main/AndroidManifest.xml:67:13-36
109
110        <activity android:name="de.mintware.barcode_scan.BarcodeScannerActivity" />
110-->[:barcode_scan] AndroidManifest.xml:10:9-84
110-->[:barcode_scan] AndroidManifest.xml:10:19-81
111
112        <service android:name="io.flutter.plugins.firebasemessaging.FlutterFirebaseMessagingService" >
112-->[:firebase_messaging] AndroidManifest.xml:8:9-12:19
112-->[:firebase_messaging] AndroidManifest.xml:8:18-101
113            <intent-filter>
113-->[:firebase_messaging] AndroidManifest.xml:9:13-11:29
114                <action android:name="com.google.firebase.MESSAGING_EVENT" />
114-->[:firebase_messaging] AndroidManifest.xml:10:17-78
114-->[:firebase_messaging] AndroidManifest.xml:10:25-75
115            </intent-filter>
116        </service>
117        <service
117-->[:firebase_messaging] AndroidManifest.xml:13:9-17:19
118            android:name="com.google.firebase.components.ComponentDiscoveryService"
118-->[:firebase_messaging] AndroidManifest.xml:13:18-89
119            android:directBootAware="true"
119-->[com.google.firebase:firebase-common:19.3.0] AndroidManifest.xml:34:13-43
120            android:exported="false" >
120-->[com.google.firebase:firebase-messaging:20.2.1] AndroidManifest.xml:38:13-37
121            <meta-data
121-->[:firebase_messaging] AndroidManifest.xml:14:13-16:85
122                android:name="com.google.firebase.components:io.flutter.plugins.firebasemessaging.FlutterFirebaseAppRegistrar"
122-->[:firebase_messaging] AndroidManifest.xml:15:17-127
123                android:value="com.google.firebase.components.ComponentRegistrar" />
123-->[:firebase_messaging] AndroidManifest.xml:16:17-82
124            <meta-data
124-->[com.google.firebase:firebase-messaging:20.2.1] AndroidManifest.xml:39:13-41:85
125                android:name="com.google.firebase.components:com.google.firebase.messaging.FirebaseMessagingRegistrar"
125-->[com.google.firebase:firebase-messaging:20.2.1] AndroidManifest.xml:40:17-119
126                android:value="com.google.firebase.components.ComponentRegistrar" />
126-->[com.google.firebase:firebase-messaging:20.2.1] AndroidManifest.xml:41:17-82
127            <meta-data
127-->[com.google.firebase:firebase-iid:20.2.1] AndroidManifest.xml:32:13-34:85
128                android:name="com.google.firebase.components:com.google.firebase.iid.Registrar"
128-->[com.google.firebase:firebase-iid:20.2.1] AndroidManifest.xml:33:17-96
129                android:value="com.google.firebase.components.ComponentRegistrar" />
129-->[com.google.firebase:firebase-iid:20.2.1] AndroidManifest.xml:34:17-82
130            <meta-data
130-->[com.google.firebase:firebase-datatransport:17.0.3] AndroidManifest.xml:28:13-30:85
131                android:name="com.google.firebase.components:com.google.firebase.datatransport.TransportRegistrar"
131-->[com.google.firebase:firebase-datatransport:17.0.3] AndroidManifest.xml:29:17-115
132                android:value="com.google.firebase.components.ComponentRegistrar" />
132-->[com.google.firebase:firebase-datatransport:17.0.3] AndroidManifest.xml:30:17-82
133            <meta-data
133-->[com.google.firebase:firebase-installations:16.3.2] AndroidManifest.xml:17:13-19:85
134                android:name="com.google.firebase.components:com.google.firebase.installations.FirebaseInstallationsRegistrar"
134-->[com.google.firebase:firebase-installations:16.3.2] AndroidManifest.xml:18:17-127
135                android:value="com.google.firebase.components.ComponentRegistrar" />
135-->[com.google.firebase:firebase-installations:16.3.2] AndroidManifest.xml:19:17-82
136        </service>
137        <!--
138             FirebaseMessagingService performs security checks at runtime,
139             but set to not exported to explicitly avoid allowing another app to call it.
140        -->
141        <service
141-->[com.google.firebase:firebase-messaging:20.2.1] AndroidManifest.xml:28:9-35:19
142            android:name="com.google.firebase.messaging.FirebaseMessagingService"
142-->[com.google.firebase:firebase-messaging:20.2.1] AndroidManifest.xml:29:13-82
143            android:directBootAware="true"
143-->[com.google.firebase:firebase-messaging:20.2.1] AndroidManifest.xml:30:13-43
144            android:exported="false" >
144-->[com.google.firebase:firebase-messaging:20.2.1] AndroidManifest.xml:31:13-37
145            <intent-filter android:priority="-500" >
145-->[:firebase_messaging] AndroidManifest.xml:9:13-11:29
146                <action android:name="com.google.firebase.MESSAGING_EVENT" />
146-->[:firebase_messaging] AndroidManifest.xml:10:17-78
146-->[:firebase_messaging] AndroidManifest.xml:10:25-75
147            </intent-filter>
148        </service>
149
150        <provider
150-->[:image_picker] AndroidManifest.xml:11:9-19:20
151            android:name="io.flutter.plugins.imagepicker.ImagePickerFileProvider"
151-->[:image_picker] AndroidManifest.xml:12:13-82
152            android:authorities="com.soedja.soedja_freelance.flutter.image_provider"
152-->[:image_picker] AndroidManifest.xml:13:13-74
153            android:exported="false"
153-->[:image_picker] AndroidManifest.xml:14:13-37
154            android:grantUriPermissions="true" >
154-->[:image_picker] AndroidManifest.xml:15:13-47
155            <meta-data
155-->[:image_picker] AndroidManifest.xml:16:13-18:75
156                android:name="android.support.FILE_PROVIDER_PATHS"
156-->[:image_picker] AndroidManifest.xml:17:17-67
157                android:resource="@xml/flutter_image_picker_file_paths" />
157-->[:image_picker] AndroidManifest.xml:18:17-72
158        </provider>
159
160        <activity
160-->[:url_launcher] AndroidManifest.xml:8:9-11:74
161            android:name="io.flutter.plugins.urllauncher.WebViewActivity"
161-->[:url_launcher] AndroidManifest.xml:9:13-74
162            android:exported="false"
162-->[:url_launcher] AndroidManifest.xml:10:13-37
163            android:theme="@android:style/Theme.NoTitleBar.Fullscreen" />
163-->[:url_launcher] AndroidManifest.xml:11:13-71
164        <activity
164-->[:flutter_inappwebview] AndroidManifest.xml:8:9-11:47
165            android:name="com.pichillilorenzo.flutter_inappwebview.InAppBrowser.InAppBrowserActivity"
165-->[:flutter_inappwebview] AndroidManifest.xml:9:13-102
166            android:configChanges="orientation|screenSize"
166-->[:flutter_inappwebview] AndroidManifest.xml:10:13-59
167            android:theme="@style/AppTheme" />
167-->[:flutter_inappwebview] AndroidManifest.xml:11:13-44
168        <activity
168-->[:flutter_inappwebview] AndroidManifest.xml:12:9-15:55
169            android:name="com.pichillilorenzo.flutter_inappwebview.ChromeCustomTabs.ChromeCustomTabsActivity"
169-->[:flutter_inappwebview] AndroidManifest.xml:13:13-110
170            android:configChanges="orientation|screenSize"
170-->[:flutter_inappwebview] AndroidManifest.xml:14:13-59
171            android:theme="@style/ThemeTransparent" />
171-->[:flutter_inappwebview] AndroidManifest.xml:15:13-52
172
173        <receiver android:name="com.pichillilorenzo.flutter_inappwebview.ChromeCustomTabs.ActionBroadcastReceiver" />
173-->[:flutter_inappwebview] AndroidManifest.xml:17:9-118
173-->[:flutter_inappwebview] AndroidManifest.xml:17:19-115
174
175        <activity
175-->[com.midtrans:uikit:1.21.2] AndroidManifest.xml:16:9-19:67
176            android:name="com.midtrans.sdk.uikit.activities.UserDetailsActivity"
176-->[com.midtrans:uikit:1.21.2] AndroidManifest.xml:17:13-81
177            android:screenOrientation="portrait"
177-->[com.midtrans:uikit:1.21.2] AndroidManifest.xml:18:13-49
178            android:windowSoftInputMode="stateHidden|adjustPan" />
178-->[com.midtrans:uikit:1.21.2] AndroidManifest.xml:19:13-64
179        <activity
179-->[com.midtrans:uikit:1.21.2] AndroidManifest.xml:20:9-23:52
180            android:name="com.midtrans.sdk.uikit.activities.PaymentMethodsActivity"
180-->[com.midtrans:uikit:1.21.2] AndroidManifest.xml:21:13-84
181            android:configChanges="keyboardHidden|orientation|screenSize"
181-->[com.midtrans:uikit:1.21.2] AndroidManifest.xml:22:13-74
182            android:screenOrientation="portrait" />
182-->[com.midtrans:uikit:1.21.2] AndroidManifest.xml:23:13-49
183        <activity
183-->[com.midtrans:uikit:1.21.2] AndroidManifest.xml:24:9-28:67
184            android:name="com.midtrans.sdk.uikit.views.mandiri_clickpay.MandiriClickPayActivity"
184-->[com.midtrans:uikit:1.21.2] AndroidManifest.xml:25:13-97
185            android:configChanges="keyboardHidden|orientation|screenSize"
185-->[com.midtrans:uikit:1.21.2] AndroidManifest.xml:26:13-74
186            android:screenOrientation="portrait"
186-->[com.midtrans:uikit:1.21.2] AndroidManifest.xml:27:13-49
187            android:windowSoftInputMode="stateHidden|adjustPan" />
187-->[com.midtrans:uikit:1.21.2] AndroidManifest.xml:28:13-64
188        <activity
188-->[com.midtrans:uikit:1.21.2] AndroidManifest.xml:29:9-32:52
189            android:name="com.midtrans.sdk.uikit.views.bri_epay.BriEpayPaymentActivity"
189-->[com.midtrans:uikit:1.21.2] AndroidManifest.xml:30:13-88
190            android:configChanges="keyboardHidden|orientation|screenSize"
190-->[com.midtrans:uikit:1.21.2] AndroidManifest.xml:31:13-74
191            android:screenOrientation="portrait" />
191-->[com.midtrans:uikit:1.21.2] AndroidManifest.xml:32:13-49
192        <activity
192-->[com.midtrans:uikit:1.21.2] AndroidManifest.xml:33:9-36:52
193            android:name="com.midtrans.sdk.uikit.views.cimb_click.CimbClickPaymentActivity"
193-->[com.midtrans:uikit:1.21.2] AndroidManifest.xml:34:13-92
194            android:configChanges="keyboardHidden|orientation|screenSize"
194-->[com.midtrans:uikit:1.21.2] AndroidManifest.xml:35:13-74
195            android:screenOrientation="portrait" />
195-->[com.midtrans:uikit:1.21.2] AndroidManifest.xml:36:13-49
196        <activity
196-->[com.midtrans:uikit:1.21.2] AndroidManifest.xml:37:9-40:52
197            android:name="com.midtrans.sdk.uikit.views.mandiri_ecash.MandiriEcashPaymentActivity"
197-->[com.midtrans:uikit:1.21.2] AndroidManifest.xml:38:13-98
198            android:configChanges="keyboardHidden|orientation|screenSize"
198-->[com.midtrans:uikit:1.21.2] AndroidManifest.xml:39:13-74
199            android:screenOrientation="portrait" />
199-->[com.midtrans:uikit:1.21.2] AndroidManifest.xml:40:13-49
200        <activity
200-->[com.midtrans:uikit:1.21.2] AndroidManifest.xml:41:9-45:67
201            android:name="com.midtrans.sdk.uikit.views.indosat_dompetku.IndosatDompetkuPaymentActivity"
201-->[com.midtrans:uikit:1.21.2] AndroidManifest.xml:42:13-104
202            android:configChanges="keyboardHidden|orientation|screenSize"
202-->[com.midtrans:uikit:1.21.2] AndroidManifest.xml:43:13-74
203            android:screenOrientation="portrait"
203-->[com.midtrans:uikit:1.21.2] AndroidManifest.xml:44:13-49
204            android:windowSoftInputMode="stateHidden|adjustPan" />
204-->[com.midtrans:uikit:1.21.2] AndroidManifest.xml:45:13-64
205        <activity
205-->[com.midtrans:uikit:1.21.2] AndroidManifest.xml:46:9-49:52
206            android:name="com.midtrans.sdk.uikit.views.indomaret.payment.IndomaretPaymentActivity"
206-->[com.midtrans:uikit:1.21.2] AndroidManifest.xml:47:13-99
207            android:configChanges="keyboardHidden|orientation|screenSize"
207-->[com.midtrans:uikit:1.21.2] AndroidManifest.xml:48:13-74
208            android:screenOrientation="portrait" />
208-->[com.midtrans:uikit:1.21.2] AndroidManifest.xml:49:13-49
209        <activity
209-->[com.midtrans:uikit:1.21.2] AndroidManifest.xml:50:9-53:52
210            android:name="com.midtrans.sdk.uikit.views.indomaret.status.IndomaretStatusActivity"
210-->[com.midtrans:uikit:1.21.2] AndroidManifest.xml:51:13-97
211            android:configChanges="keyboardHidden|orientation|screenSize"
211-->[com.midtrans:uikit:1.21.2] AndroidManifest.xml:52:13-74
212            android:screenOrientation="portrait" />
212-->[com.midtrans:uikit:1.21.2] AndroidManifest.xml:53:13-49
213        <activity
213-->[com.midtrans:uikit:1.21.2] AndroidManifest.xml:54:9-58:67
214            android:name="com.midtrans.sdk.uikit.views.telkomsel_cash.TelkomselCashPaymentActivity"
214-->[com.midtrans:uikit:1.21.2] AndroidManifest.xml:55:13-100
215            android:configChanges="keyboardHidden|orientation|screenSize"
215-->[com.midtrans:uikit:1.21.2] AndroidManifest.xml:56:13-74
216            android:screenOrientation="portrait"
216-->[com.midtrans:uikit:1.21.2] AndroidManifest.xml:57:13-49
217            android:windowSoftInputMode="stateHidden|adjustPan" />
217-->[com.midtrans:uikit:1.21.2] AndroidManifest.xml:58:13-64
218        <activity
218-->[com.midtrans:uikit:1.21.2] AndroidManifest.xml:59:9-62:52
219            android:name="com.midtrans.sdk.uikit.views.xl_tunai.payment.XlTunaiPaymentActivity"
219-->[com.midtrans:uikit:1.21.2] AndroidManifest.xml:60:13-96
220            android:configChanges="keyboardHidden|orientation|screenSize"
220-->[com.midtrans:uikit:1.21.2] AndroidManifest.xml:61:13-74
221            android:screenOrientation="portrait" />
221-->[com.midtrans:uikit:1.21.2] AndroidManifest.xml:62:13-49
222        <activity
222-->[com.midtrans:uikit:1.21.2] AndroidManifest.xml:63:9-66:52
223            android:name="com.midtrans.sdk.uikit.views.xl_tunai.status.XlTunaiStatusActivity"
223-->[com.midtrans:uikit:1.21.2] AndroidManifest.xml:64:13-94
224            android:configChanges="keyboardHidden|orientation|screenSize"
224-->[com.midtrans:uikit:1.21.2] AndroidManifest.xml:65:13-74
225            android:screenOrientation="portrait" />
225-->[com.midtrans:uikit:1.21.2] AndroidManifest.xml:66:13-49
226        <activity
226-->[com.midtrans:uikit:1.21.2] AndroidManifest.xml:67:9-70:52
227            android:name="com.midtrans.sdk.uikit.views.xl_tunai.XlTunaiInstructionActivity"
227-->[com.midtrans:uikit:1.21.2] AndroidManifest.xml:68:13-92
228            android:configChanges="keyboardHidden|orientation|screenSize"
228-->[com.midtrans:uikit:1.21.2] AndroidManifest.xml:69:13-74
229            android:screenOrientation="portrait" />
229-->[com.midtrans:uikit:1.21.2] AndroidManifest.xml:70:13-49
230        <activity
230-->[com.midtrans:uikit:1.21.2] AndroidManifest.xml:71:9-74:52
231            android:name="com.midtrans.sdk.uikit.views.kioson.payment.KiosonPaymentActivity"
231-->[com.midtrans:uikit:1.21.2] AndroidManifest.xml:72:13-93
232            android:configChanges="keyboardHidden|orientation|screenSize"
232-->[com.midtrans:uikit:1.21.2] AndroidManifest.xml:73:13-74
233            android:screenOrientation="portrait" />
233-->[com.midtrans:uikit:1.21.2] AndroidManifest.xml:74:13-49
234        <activity
234-->[com.midtrans:uikit:1.21.2] AndroidManifest.xml:75:9-78:52
235            android:name="com.midtrans.sdk.uikit.views.kioson.status.KiosonStatusActivity"
235-->[com.midtrans:uikit:1.21.2] AndroidManifest.xml:76:13-91
236            android:configChanges="keyboardHidden|orientation|screenSize"
236-->[com.midtrans:uikit:1.21.2] AndroidManifest.xml:77:13-74
237            android:screenOrientation="portrait" />
237-->[com.midtrans:uikit:1.21.2] AndroidManifest.xml:78:13-49
238        <activity
238-->[com.midtrans:uikit:1.21.2] AndroidManifest.xml:79:9-83:67
239            android:name="com.midtrans.sdk.uikit.views.gci.GciPaymentActivity"
239-->[com.midtrans:uikit:1.21.2] AndroidManifest.xml:80:13-79
240            android:configChanges="keyboardHidden|orientation|screenSize"
240-->[com.midtrans:uikit:1.21.2] AndroidManifest.xml:81:13-74
241            android:screenOrientation="portrait"
241-->[com.midtrans:uikit:1.21.2] AndroidManifest.xml:82:13-49
242            android:windowSoftInputMode="stateHidden|adjustPan" />
242-->[com.midtrans:uikit:1.21.2] AndroidManifest.xml:83:13-64
243        <activity
243-->[com.midtrans:uikit:1.21.2] AndroidManifest.xml:84:9-88:67
244            android:name="com.midtrans.sdk.uikit.views.creditcard.details.CreditCardDetailsActivity"
244-->[com.midtrans:uikit:1.21.2] AndroidManifest.xml:85:13-101
245            android:configChanges="keyboardHidden|orientation|screenSize"
245-->[com.midtrans:uikit:1.21.2] AndroidManifest.xml:86:13-74
246            android:screenOrientation="portrait"
246-->[com.midtrans:uikit:1.21.2] AndroidManifest.xml:87:13-49
247            android:windowSoftInputMode="stateHidden|adjustPan" />
247-->[com.midtrans:uikit:1.21.2] AndroidManifest.xml:88:13-64
248        <activity
248-->[com.midtrans:uikit:1.21.2] AndroidManifest.xml:89:9-92:52
249            android:name="com.midtrans.sdk.uikit.views.status.PaymentStatusActivity"
249-->[com.midtrans:uikit:1.21.2] AndroidManifest.xml:90:13-85
250            android:configChanges="keyboardHidden|orientation|screenSize"
250-->[com.midtrans:uikit:1.21.2] AndroidManifest.xml:91:13-74
251            android:screenOrientation="portrait" />
251-->[com.midtrans:uikit:1.21.2] AndroidManifest.xml:92:13-49
252        <activity
252-->[com.midtrans:uikit:1.21.2] AndroidManifest.xml:93:9-96:52
253            android:name="com.midtrans.sdk.uikit.views.creditcard.saved.SavedCreditCardActivity"
253-->[com.midtrans:uikit:1.21.2] AndroidManifest.xml:94:13-97
254            android:configChanges="keyboardHidden|orientation|screenSize"
254-->[com.midtrans:uikit:1.21.2] AndroidManifest.xml:95:13-74
255            android:screenOrientation="portrait" />
255-->[com.midtrans:uikit:1.21.2] AndroidManifest.xml:96:13-49
256        <activity
256-->[com.midtrans:uikit:1.21.2] AndroidManifest.xml:97:9-101:76
257            android:name="com.midtrans.sdk.uikit.views.creditcard.bankpoints.BankPointsActivity"
257-->[com.midtrans:uikit:1.21.2] AndroidManifest.xml:98:13-97
258            android:configChanges="keyboardHidden|orientation|screenSize"
258-->[com.midtrans:uikit:1.21.2] AndroidManifest.xml:99:13-74
259            android:screenOrientation="portrait"
259-->[com.midtrans:uikit:1.21.2] AndroidManifest.xml:100:13-49
260            android:windowSoftInputMode="stateAlwaysHidden|adjustResize" />
260-->[com.midtrans:uikit:1.21.2] AndroidManifest.xml:101:13-73
261        <activity
261-->[com.midtrans:uikit:1.21.2] AndroidManifest.xml:102:9-105:52
262            android:name="com.midtrans.sdk.uikit.views.banktransfer.list.BankTransferListActivity"
262-->[com.midtrans:uikit:1.21.2] AndroidManifest.xml:103:13-99
263            android:configChanges="keyboardHidden|orientation|screenSize"
263-->[com.midtrans:uikit:1.21.2] AndroidManifest.xml:104:13-74
264            android:screenOrientation="portrait" />
264-->[com.midtrans:uikit:1.21.2] AndroidManifest.xml:105:13-49
265        <activity
265-->[com.midtrans:uikit:1.21.2] AndroidManifest.xml:106:9-110:67
266            android:name="com.midtrans.sdk.uikit.views.banktransfer.payment.BankTransferPaymentActivity"
266-->[com.midtrans:uikit:1.21.2] AndroidManifest.xml:107:13-105
267            android:configChanges="keyboardHidden|orientation|screenSize"
267-->[com.midtrans:uikit:1.21.2] AndroidManifest.xml:108:13-74
268            android:screenOrientation="portrait"
268-->[com.midtrans:uikit:1.21.2] AndroidManifest.xml:109:13-49
269            android:windowSoftInputMode="stateHidden|adjustPan" />
269-->[com.midtrans:uikit:1.21.2] AndroidManifest.xml:110:13-64
270        <activity
270-->[com.midtrans:uikit:1.21.2] AndroidManifest.xml:111:9-114:52
271            android:name="com.midtrans.sdk.uikit.views.banktransfer.status.VaPaymentStatusActivity"
271-->[com.midtrans:uikit:1.21.2] AndroidManifest.xml:112:13-100
272            android:configChanges="keyboardHidden|orientation|screenSize"
272-->[com.midtrans:uikit:1.21.2] AndroidManifest.xml:113:13-74
273            android:screenOrientation="portrait" />
273-->[com.midtrans:uikit:1.21.2] AndroidManifest.xml:114:13-49
274        <activity
274-->[com.midtrans:uikit:1.21.2] AndroidManifest.xml:115:9-118:52